<?xml version="1.0" encoding="UTF-8"?>
<testsuite xmlns:xsi="http://www.w3.org/2001/XMLSchema-instance" xsi:noNamespaceSchemaLocation="https://maven.apache.org/surefire/maven-surefire-plugin/xsd/surefire-test-report.xsd" name="TestSuite" time="16.014" tests="3" errors="0" skipped="0" failures="0">
  <properties>
[...]
</properties>
  <testcase name="loginInto" classname="GitHubTestAndPreProdEnv" time="2.31"/>
  <testcase name="inspectMainPage" classname="GitHubTestAndPreProdEnv" time="0.045"/>
  <testcase name="logoutFromGitHub" classname="GitHubTestAndPreProdEnv" time="3.983"/>
</testsuite>