<?xml version="1.0" encoding="UTF-8"?>
<testng-results ignored="0" total="4" passed="4" failed="0" skipped="0">
  <reporter-output>
  </reporter-output>
  <suite started-at="2020-12-06T21:10:22 EET" name="Regression" finished-at="2020-12-06T21:11:31 EET" duration-ms="69511">
    <groups>
    </groups>
    <test started-at="2020-12-06T21:10:22 EET" name="TestLoginAndLogout" finished-at="2020-12-06T21:10:41 EET" duration-ms="19154">
      <class name="TestLoginAndLogout">
        <test-method is-config="true" signature="setup()[pri:0, instance:TestLoginAndLogout@2638011]" started-at="2020-12-06T21:10:22 EET" name="setup" finished-at="2020-12-06T21:10:33 EET" duration-ms="11623" status="PASS">
          <reporter-output>
          </reporter-output>
        </test-method> <!-- setup -->
        <test-method signature="testLogin()[pri:1, instance:TestLoginAndLogout@2638011]" started-at="2020-12-06T21:10:33 EET" name="testLogin" description="Login And CheckElements" finished-at="2020-12-06T21:10:40 EET" duration-ms="6445" status="PASS">
          <reporter-output>
          </reporter-output>
        </test-method> <!-- testLogin -->
        <test-method is-config="true" signature="teardown()[pri:0, instance:TestLoginAndLogout@2638011]" started-at="2020-12-06T21:10:40 EET" name="teardown" finished-at="2020-12-06T21:10:41 EET" duration-ms="1021" status="PASS">
          <reporter-output>
          </reporter-output>
        </test-method> <!-- teardown -->
      </class> <!-- TestLoginAndLogout -->
    </test> <!-- TestLoginAndLogout -->
    <test started-at="2020-12-06T21:10:41 EET" name="GitHubTestAndPreProdEnv" finished-at="2020-12-06T21:11:31 EET" duration-ms="50284">
      <class name="GitHubTestAndPreProdEnv">
        <test-method is-config="true" signature="setup()[pri:0, instance:GitHubTestAndPreProdEnv@16a0ee18]" started-at="2020-12-06T21:10:41 EET" name="setup" finished-at="2020-12-06T21:10:51 EET" duration-ms="10530" status="PASS">
          <reporter-output>
          </reporter-output>
        </test-method> <!-- setup -->
        <test-method signature="loginInto()[pri:1, instance:GitHubTestAndPreProdEnv@16a0ee18]" started-at="2020-12-06T21:10:51 EET" name="loginInto" finished-at="2020-12-06T21:11:02 EET" duration-ms="11067" status="PASS">
          <reporter-output>
          </reporter-output>
        </test-method> <!-- loginInto -->
        <test-method signature="inspectMainPage()[pri:2, instance:GitHubTestAndPreProdEnv@16a0ee18]" started-at="2020-12-06T21:11:02 EET" name="inspectMainPage" finished-at="2020-12-06T21:11:02 EET" duration-ms="68" status="PASS">
          <reporter-output>
          </reporter-output>
        </test-method> <!-- inspectMainPage -->
        <test-method signature="logoutFromGitHub()[pri:3, instance:GitHubTestAndPreProdEnv@16a0ee18]" started-at="2020-12-06T21:11:02 EET" name="logoutFromGitHub" finished-at="2020-12-06T21:11:30 EET" duration-ms="27941" status="PASS">
          <reporter-output>
          </reporter-output>
        </test-method> <!-- logoutFromGitHub -->
        <test-method is-config="true" signature="tearDown()[pri:0, instance:GitHubTestAndPreProdEnv@16a0ee18]" started-at="2020-12-06T21:11:30 EET" name="tearDown" finished-at="2020-12-06T21:11:31 EET" duration-ms="674" status="PASS">
          <reporter-output>
          </reporter-output>
        </test-method> <!-- tearDown -->
      </class> <!-- GitHubTestAndPreProdEnv -->
    </test> <!-- GitHubTestAndPreProdEnv -->
  </suite> <!-- Regression -->
</testng-results>
